<?xml version="1.0" encoding="utf-8"?>
<log version="1.0" tool="runtool">

<msg id="1" tool="runtool">
  <type>log-start</type>
  <arg>2023/07/02 21:20:07</arg>
</msg>
<msg id="2" tool="runtool">
  <type>bandwidth-measurement-starts</type>
</msg>
<msg id="3" tool="runtool">
  <type>bandwidth-measurement-done</type>
</msg>
<msg id="4" tool="runtool">
  <type>collector-starts</type>
</msg>
<msg id="5" tool="runtool">
  <type>marker-file</type>
  <arg>C:\Users\Joao Pedro\Desktop\Agenda-Guia\UFRJ\2023.1\Comp_Alto_Desempenho\Comp-Alto-Desempenho\Trabalho_3\Jacobi Roofline\e000\trc001\trc001.advixe</arg>
</msg>
<msg id="6" tool="trc">
  <type>PROCESS_START</type>
  <arg>C:\Users\jacobi.exe</arg>
  <arg>20208</arg>
  <severity>INFO</severity>
  <timestamp>Sun Jul  2 21:20:22 2023</timestamp>
</msg>
<msg id="7" tool="trc">
  <type>PROCESS_ANALYSIS_MODE</type>
  <arg>full</arg>
  <severity>INFO</severity>
  <timestamp>Sun Jul  2 21:20:23 2023</timestamp>
</msg>
<msg id="8" tool="trc">
  <type>LOAD_MODULE</type>
  <arg>C:\Users\jacobi.exe</arg>
  <arg>0xd0000</arg>
  <arg>0x169fff</arg>
  <arg>yes</arg>
  <severity>INFO</severity>
  <timestamp>Sun Jul  2 21:20:23 2023</timestamp>
</msg>
<msg id="9" tool="trc">
  <type>LOAD_MODULE</type>
  <arg>C:\Windows\SysWOW64\kernel32.dll</arg>
  <arg>0x75b90000</arg>
  <arg>0x75c7ffff</arg>
  <arg>yes</arg>
  <severity>INFO</severity>
  <timestamp>Sun Jul  2 21:20:23 2023</timestamp>
</msg>
<msg id="10" tool="trc">
  <type>LOAD_MODULE</type>
  <arg>C:\Windows\SysWOW64\KernelBase.dll</arg>
  <arg>0x76050000</arg>
  <arg>0x762c1fff</arg>
  <arg>yes</arg>
  <severity>INFO</severity>
  <timestamp>Sun Jul  2 21:20:23 2023</timestamp>
</msg>
<msg id="11" tool="trc">
  <type>LOAD_MODULE</type>
  <arg>C:\Windows\SysWOW64\ntdll.dll</arg>
  <arg>0x77180000</arg>
  <arg>0x7732efff</arg>
  <arg>yes</arg>
  <severity>INFO</severity>
  <timestamp>Sun Jul  2 21:20:23 2023</timestamp>
</msg>
<msg id="12" tool="trc">
  <type>LOAD_MODULE</type>
  <arg>C:\Windows\SysWOW64\kernel.appcore.dll</arg>
  <arg>0x74e20000</arg>
  <arg>0x74e32fff</arg>
  <arg>yes</arg>
  <severity>INFO</severity>
  <timestamp>Sun Jul  2 21:20:25 2023</timestamp>
</msg>
<msg id="13" tool="trc">
  <type>LOAD_MODULE</type>
  <arg>C:\Windows\SysWOW64\msvcrt.dll</arg>
  <arg>0x75740000</arg>
  <arg>0x75803fff</arg>
  <arg>yes</arg>
  <severity>INFO</severity>
  <timestamp>Sun Jul  2 21:20:25 2023</timestamp>
</msg>
<msg id="14" tool="trc">
  <type>UNLOAD_MODULE</type>
  <arg>C:\Users\jacobi.exe</arg>
  <severity>INFO</severity>
  <timestamp>Sun Jul  2 21:20:25 2023</timestamp>
</msg>
<msg id="15" tool="trc">
  <type>UNLOAD_MODULE</type>
  <arg>C:\Windows\SysWOW64\kernel32.dll</arg>
  <severity>INFO</severity>
  <timestamp>Sun Jul  2 21:20:25 2023</timestamp>
</msg>
<msg id="16" tool="trc">
  <type>UNLOAD_MODULE</type>
  <arg>C:\Windows\SysWOW64\KernelBase.dll</arg>
  <severity>INFO</severity>
  <timestamp>Sun Jul  2 21:20:25 2023</timestamp>
</msg>
<msg id="17" tool="trc">
  <type>UNLOAD_MODULE</type>
  <arg>C:\Windows\SysWOW64\ntdll.dll</arg>
  <severity>INFO</severity>
  <timestamp>Sun Jul  2 21:20:25 2023</timestamp>
</msg>
<msg id="18" tool="trc">
  <type>UNLOAD_MODULE</type>
  <arg>C:\Windows\SysWOW64\kernel.appcore.dll</arg>
  <severity>INFO</severity>
  <timestamp>Sun Jul  2 21:20:25 2023</timestamp>
</msg>
<msg id="19" tool="trc">
  <type>UNLOAD_MODULE</type>
  <arg>C:\Windows\SysWOW64\msvcrt.dll</arg>
  <severity>INFO</severity>
  <timestamp>Sun Jul  2 21:20:25 2023</timestamp>
</msg>
<msg id="20" tool="trc">
  <type>PROCESS_FINISH</type>
  <arg>C:\Users\jacobi.exe</arg>
  <arg>20208</arg>
  <arg>0x0</arg>
  <severity>INFO</severity>
  <timestamp>Sun Jul  2 21:20:26 2023</timestamp>
</msg>
<msg id="21" tool="runtool">
  <type>app-exit-code</type>
  <arg>0</arg>
</msg>
<msg id="22" tool="runtool">
  <type>marker-file</type>
  <arg>C:\Users\Joao Pedro\Desktop\Agenda-Guia\UFRJ\2023.1\Comp_Alto_Desempenho\Comp-Alto-Desempenho\Trabalho_3\Jacobi Roofline\e000\trc001\trc001.advixe</arg>
</msg>
<msg id="23" tool="runtool">
  <type>collector-done</type>
</msg>
<msg id="24" tool="runtool">
  <type>log-end</type>
  <arg>2023/07/02 21:20:30</arg>
</msg>

</log>

