<?xml version="1.0" encoding="utf-8" ?>
<!-- DO NOT EDIT THIS FILE -->

<log version='2.0' source='trc'>
	<msg id='1' display='false' source='trc'>
		<type>PROCESS_START</type>
		<severity>INFO</severity>
		<timestamp>Sun Jul  2 21:20:22 2023</timestamp>
		<arg name='process'>C:\Users\jacobi.exe</arg>
		<arg name='pid'>20208</arg>
	</msg>
	<!-- Instrumentation filter's state:
    Patterns applicability:
        Generic loop pattern.....................: disabled
        Generic loop pattern (with dynamic jumps): disabled
        Known trip value loop pattern............: disabled
        Runtime final value loop pattern.........: disabled
        No initial IV loop pattern...............: disabled
        IV step only loop pattern................: disabled
        No entry loop pattern....................: disabled
    Clustered memory model (CMM) applicability:
        Generic loop pattern.....................: enabled
        Generic loop pattern (with dynamic jumps): enabled
        Known trip value loop pattern............: enabled
        Runtime final value loop pattern.........: enabled
        No initial IV loop pattern...............: enabled
        IV step only loop pattern................: enabled
        No entry loop pattern....................: disabled
 -->
	<!-- Callstack mode:
    filter modules.........: true
    filter routines........: true
    count loops............: false
    count flops............: false
    trace..................: false
    extended trace.........: false
    omp trace..............: false
    jit trace..............: false
    failures trace.........: false
    dump raw...............: false
    dump final.............: false
    dump all...............: false
    stack stitching........: true
    stl profiling..........: true
    aggressive frame switch: true
    unwind frame exit......: true
    analyze child loops....: true
 -->
	<!-- Managed application profiling: -->
	<!-- 	State...................: enabled -->
	<!-- Gpu Profiling: -->
	<!-- 	State: disabled -->
	<msg id='2' display='false' source='trc'>
		<type>PROCESS_ANALYSIS_MODE</type>
		<severity>INFO</severity>
		<timestamp>Sun Jul  2 21:20:23 2023</timestamp>
		<arg name='mode'>full</arg>
	</msg>
	<!-- Update image info for [1:0xD0000:YN] C:\Users\jacobi.exe -->
	<msg id='3' display='false' source='trc'>
		<type>LOAD_MODULE</type>
		<severity>INFO</severity>
		<timestamp>Sun Jul  2 21:20:23 2023</timestamp>
		<arg name='module'>C:\Users\jacobi.exe</arg>
		<arg name='basement'>0xd0000</arg>
		<arg name='ceiling'>0x169fff</arg>
		<arg name='symtab'>yes</arg>
	</msg>
	<!-- Instrumenting image: id = 1, name = C:\Users\jacobi.exe -->
	<!-- skipping routine "main", reason cannot build control-flow graph (HasDynamicJumps) -->
	<!-- skipping routine "__acrt_FlsGetValue", reason cannot build control-flow graph (HasDynamicJumps) -->
	<!-- Update image info for [2:0x75B90000:YN] C:\Windows\SysWOW64\kernel32.dll -->
	<msg id='4' display='false' source='trc'>
		<type>LOAD_MODULE</type>
		<severity>INFO</severity>
		<timestamp>Sun Jul  2 21:20:23 2023</timestamp>
		<arg name='module'>C:\Windows\SysWOW64\kernel32.dll</arg>
		<arg name='basement'>0x75b90000</arg>
		<arg name='ceiling'>0x75c7ffff</arg>
		<arg name='symtab'>yes</arg>
	</msg>
	<!-- Instrumentation of C:\Windows\SysWOW64\kernel32.dll image skipped because of filter conditions. -->
	<!-- Update image info for [3:0x76050000:YN] C:\Windows\SysWOW64\KernelBase.dll -->
	<msg id='5' display='false' source='trc'>
		<type>LOAD_MODULE</type>
		<severity>INFO</severity>
		<timestamp>Sun Jul  2 21:20:23 2023</timestamp>
		<arg name='module'>C:\Windows\SysWOW64\KernelBase.dll</arg>
		<arg name='basement'>0x76050000</arg>
		<arg name='ceiling'>0x762c1fff</arg>
		<arg name='symtab'>yes</arg>
	</msg>
	<!-- Instrumentation of C:\Windows\SysWOW64\KernelBase.dll image skipped because of filter conditions [cs-mode]. -->
	<!-- NtDelayExecution was replaced in ntdll.dll -->
	<!-- Update image info for [4:0x77180000:YN] C:\Windows\SysWOW64\ntdll.dll -->
	<msg id='6' display='false' source='trc'>
		<type>LOAD_MODULE</type>
		<severity>INFO</severity>
		<timestamp>Sun Jul  2 21:20:23 2023</timestamp>
		<arg name='module'>C:\Windows\SysWOW64\ntdll.dll</arg>
		<arg name='basement'>0x77180000</arg>
		<arg name='ceiling'>0x7732efff</arg>
		<arg name='symtab'>yes</arg>
	</msg>
	<!-- Instrumentation of C:\Windows\SysWOW64\ntdll.dll image skipped because of filter conditions [cs-mode]. -->
	<!-- Update image info for [5:0x74E20000:YN] C:\Windows\SysWOW64\kernel.appcore.dll -->
	<msg id='7' display='false' source='trc'>
		<type>LOAD_MODULE</type>
		<severity>INFO</severity>
		<timestamp>Sun Jul  2 21:20:25 2023</timestamp>
		<arg name='module'>C:\Windows\SysWOW64\kernel.appcore.dll</arg>
		<arg name='basement'>0x74e20000</arg>
		<arg name='ceiling'>0x74e32fff</arg>
		<arg name='symtab'>yes</arg>
	</msg>
	<!-- Instrumentation of C:\Windows\SysWOW64\kernel.appcore.dll image skipped because of filter conditions [cs-mode]. -->
	<!-- Update image info for [6:0x75740000:YN] C:\Windows\SysWOW64\msvcrt.dll -->
	<msg id='8' display='false' source='trc'>
		<type>LOAD_MODULE</type>
		<severity>INFO</severity>
		<timestamp>Sun Jul  2 21:20:25 2023</timestamp>
		<arg name='module'>C:\Windows\SysWOW64\msvcrt.dll</arg>
		<arg name='basement'>0x75740000</arg>
		<arg name='ceiling'>0x75803fff</arg>
		<arg name='symtab'>yes</arg>
	</msg>
	<!-- Instrumentation of C:\Windows\SysWOW64\msvcrt.dll image skipped because of filter conditions [cs-mode]. -->
	<msg id='9' display='false' source='trc'>
		<type>UNLOAD_MODULE</type>
		<severity>INFO</severity>
		<timestamp>Sun Jul  2 21:20:25 2023</timestamp>
		<arg name='module'>C:\Users\jacobi.exe</arg>
	</msg>
	<msg id='10' display='false' source='trc'>
		<type>UNLOAD_MODULE</type>
		<severity>INFO</severity>
		<timestamp>Sun Jul  2 21:20:25 2023</timestamp>
		<arg name='module'>C:\Windows\SysWOW64\kernel32.dll</arg>
	</msg>
	<msg id='11' display='false' source='trc'>
		<type>UNLOAD_MODULE</type>
		<severity>INFO</severity>
		<timestamp>Sun Jul  2 21:20:25 2023</timestamp>
		<arg name='module'>C:\Windows\SysWOW64\KernelBase.dll</arg>
	</msg>
	<msg id='12' display='false' source='trc'>
		<type>UNLOAD_MODULE</type>
		<severity>INFO</severity>
		<timestamp>Sun Jul  2 21:20:25 2023</timestamp>
		<arg name='module'>C:\Windows\SysWOW64\ntdll.dll</arg>
	</msg>
	<msg id='13' display='false' source='trc'>
		<type>UNLOAD_MODULE</type>
		<severity>INFO</severity>
		<timestamp>Sun Jul  2 21:20:25 2023</timestamp>
		<arg name='module'>C:\Windows\SysWOW64\kernel.appcore.dll</arg>
	</msg>
	<msg id='14' display='false' source='trc'>
		<type>UNLOAD_MODULE</type>
		<severity>INFO</severity>
		<timestamp>Sun Jul  2 21:20:25 2023</timestamp>
		<arg name='module'>C:\Windows\SysWOW64\msvcrt.dll</arg>
	</msg>
	<msg id='15' display='false' source='trc'>
		<type>PROCESS_FINISH</type>
		<severity>INFO</severity>
		<timestamp>Sun Jul  2 21:20:26 2023</timestamp>
		<arg name='process'>C:\Users\jacobi.exe</arg>
		<arg name='pid'>20208</arg>
		<arg name='exitcode'>0x0</arg>
	</msg>
	<!-- Application exited with code 0 -->
</log>