46 [2908] INFO perfrun.launcher <> - Launcher main begin
51 [2908] INFO perfrun.launcher <> - MessageCatalogInit finished
51 [2908] INFO perfrun.launcher <> - Launcher instance created
51 [2908] INFO perfrun.launcher <> - argc = 6; cmdline = C:\Program Files (x86)\Intel\oneAPI\advisor\latest\bin64\advixe-runss.exe --ui-output-format xml --ui-output-fd 6700 --context-value-list 
67 [2908] INFO perfrun.launcher <> - New signal handler callback was added
955 [2908] INFO perfrun.launcher <> - create msngr2::ICliToolContext
955 [2908] INFO perfrun.launcher <> - create file finder object
956 [2908] INFO perfrun.launcher <> - Put into the variant bag the context value: name = targetOS; value = Windows
956 [2908] INFO perfrun.launcher <> - Put into the variant bag the context value: name = OS; value = Windows
956 [2908] INFO perfrun.launcher <> - Put into the variant bag the context value: name = OSBuildNumber; value = 22621
956 [2908] INFO perfrun.launcher <> - Put into the variant bag the context value: name = OSBitness; value = 64
956 [2908] INFO perfrun.launcher <> - Put into the variant bag the context value: name = AdministratorPrivileges; value = false
956 [2908] INFO perfrun.launcher <> - Put into the variant bag the context value: name = isPtraceScopeLimited; value = false
956 [2908] INFO perfrun.launcher <> - Put into the variant bag the context value: name = isCATSupportedByCPU; value = true
956 [2908] INFO perfrun.launcher <> - Put into the variant bag the context value: name = isL3CATAvailable; value = false
956 [2908] INFO perfrun.launcher <> - Put into the variant bag the context value: name = isL2CATAvailable; value = false
957 [2908] INFO perfrun.launcher <> - Put into the variant bag the context value: name = isL3MonitoringSupportedByCPU; value = false
957 [2908] INFO perfrun.launcher <> - Put into the variant bag the context value: name = isTSXAvailable; value = false
957 [2908] INFO perfrun.launcher <> - Put into the variant bag the context value: name = isPTAvailable; value = false
957 [2908] INFO perfrun.launcher <> - Put into the variant bag the context value: name = isHTEnabled; value = true
957 [2908] INFO perfrun.launcher <> - Put into the variant bag the context value: name = fpgaOnBoard; value = None
957 [2908] INFO perfrun.launcher <> - Put into the variant bag the context value: name = omniPathOnBoard; value = None
957 [2908] INFO perfrun.launcher <> - Put into the variant bag the context value: name = genArchOnBoard; value = 0
957 [2908] INFO perfrun.launcher <> - Put into the variant bag the context value: name = pciClassParts; value = 
957 [2908] INFO perfrun.launcher <> - Put into the variant bag the context value: name = tidValuesForIO; value = 
957 [2908] INFO perfrun.launcher <> - Put into the variant bag the context value: name = populatedIoParts; value = 
957 [2908] INFO perfrun.launcher <> - Put into the variant bag the context value: name = populatedIoUnits; value = 
957 [2908] INFO perfrun.launcher <> - Put into the variant bag the context value: name = populatedTidValuesForIO; value = 
957 [2908] INFO perfrun.launcher <> - Put into the variant bag the context value: name = isSGXAvailable; value = false
957 [2908] INFO perfrun.launcher <> - Put into the variant bag the context value: name = Hypervisor; value = Microsoft Hv
957 [2908] INFO perfrun.launcher <> - Put into the variant bag the context value: name = PerfmonVersion; value = 0
957 [2908] INFO perfrun.launcher <> - Put into the variant bag the context value: name = isMaxDRAMBandwidthMeasurementSupported; value = false
957 [2908] INFO perfrun.launcher <> - Put into the variant bag the context value: name = preferedGpuAdapter; value = 0:1:0.0
957 [2908] INFO perfrun.launcher <> - Put into the variant bag the context value: name = isEHFIAvailable; value = false
958 [2908] INFO perfrun.launcher <> - Put into the variant bag the context value: name = areGpuHardwareMetricsAvailableList; value = 
958 [2908] INFO perfrun.launcher <> - Put into the variant bag the context value: name = gpuPlatformIndexList; value = 
958 [2908] INFO perfrun.launcher <> - Put into the variant bag the context value: name = isTPSSAvailable; value = true
958 [2908] INFO perfrun.launcher <> - Put into the variant bag the context value: name = isPytraceAvailable; value = true
958 [2908] INFO perfrun.launcher <> - Put into the variant bag the context value: name = isGENDebugInfoAvailableList; value = 
958 [2908] INFO perfrun.launcher <> - Put into the variant bag the context value: name = isGTPinCollectionAvailableList; value = 
958 [2908] INFO perfrun.launcher <> - Put into the variant bag the context value: name = forceShowInlines; value = false
958 [2908] INFO perfrun.launcher <> - Application exit code: 0
958 [2908] INFO perfrun.launcher <> - Exit code: 0
