49 [20436] INFO perfrun.launcher <> - Launcher main begin
54 [20436] INFO perfrun.launcher <> - MessageCatalogInit finished
54 [20436] INFO perfrun.launcher <> - Launcher instance created
54 [20436] INFO perfrun.launcher <> - argc = 7; cmdline = C:\Program Files (x86)\Intel\oneAPI\advisor\latest\bin64\advixe-runss.exe --ui-output-format xml --ui-output-fd 5904 --option-file C:\Users\Joao Pedro\Desktop\Agenda-Guia\UFRJ\2023.1\Comp_Alto_Desempenho\Comp-Alto-Desempenho\Trabalho_3\Jacobi Roofline\e000\hs011\config\runss.options 
70 [20436] INFO perfrun.launcher <> - New signal handler callback was added
953 [20436] INFO perfrun.launcher <> - create msngr2::ICliToolContext
953 [20436] INFO perfrun.launcher <> - create file finder object
953 [20436] INFO perfrun.launcher <> - create a result directory: pattern = C:\Users\Joao Pedro\Desktop\Agenda-Guia\UFRJ\2023.1\Comp_Alto_Desempenho\Comp-Alto-Desempenho\Trabalho_3\Jacobi Roofline\e000\hs011 pid = 4294967295
959 [20436] INFO perfrun.launcher <> - create data directory = C:\Users\Joao Pedro\Desktop\Agenda-Guia\UFRJ\2023.1\Comp_Alto_Desempenho\Comp-Alto-Desempenho\Trabalho_3\Jacobi Roofline\e000\hs011\data.0
960 [20436] INFO perfrun.launcher <> - Creating the master collection flag
967 [20436] INFO perfrun.launcher <> - Done creating the master collection flag
967 [15704] INFO perfrun.launcher <> - plugin [remoteplug] was disabled because it doesn't support the given collection type.
968 [15704] INFO perfrun.sdk <> - Allocating TMU :C:\Users\Joao Pedro\Desktop\Agenda-Guia\UFRJ\2023.1\Comp_Alto_Desempenho\Comp-Alto-Desempenho\Trabalho_3\Jacobi Roofline\e000\hs011\data.0\systemcollector-22416-Laptop-Zephyrus-G15.sc
968 [15704] INFO perfrun.launcher <> - plugin [] was disabled because it doesn't support the given collection type.
970 [15704] INFO perfrun.launcher <> - plugin [] was disabled because it doesn't support the given collection type.
970 [15704] INFO perfrun.launcher <> - plugin [gpu] was disabled because it doesn't support the given collection type.
970 [15704] INFO perfrun.launcher <> - plugin [] was disabled because it doesn't support the given collection type.
970 [15704] INFO perfrun.launcher <> - plugin [] was disabled because it doesn't support the given collection type.
970 [15704] INFO perfrun.launcher <> - plugin [] was disabled because it doesn't support the given collection type.
970 [15704] INFO perfrun.mrte <> - system-wide mode is 0
970 [15704] INFO perfrun.mrte <> - Getting  mrte profiling environment ...
988 [15704] INFO perfrun.mrte <> - INTEL_MRTE_DATA_DIR=C:\Users\Joao Pedro\Desktop\Agenda-Guia\UFRJ\2023.1\Comp_Alto_Desempenho\Comp-Alto-Desempenho\Trabalho_3\Jacobi Roofline\e000\hs011\data.0
988 [15704] INFO perfrun.mrte <> - INTEL_MRTE_HOST_NAME=Laptop-Zephyrus-G15
988 [15704] INFO perfrun.mrte <> - JAVA_TOOL_OPTIONS=-agentlib:advixe_tpssmrte_javaprof_1.0
988 [15704] INFO perfrun.mrte <> - PATH=C:\Program Files (x86)\Intel\oneAPI\advisor\latest\bin32\runtime;C:\Program Files (x86)\Intel\oneAPI\advisor\latest\bin64\runtime;C:\Program Files (x86)\Intel\oneAPI\tbb\latest\redist\intel64\vc_mt\;C:\Program Files (x86)\Intel\oneAPI\tbb\latest\redist\ia32\vc_mt\;C:\Program Files (x86)\Intel\oneAPI\compiler\latest\windows\redist\intel64_win\compiler;C:\Program Files (x86)\Intel\oneAPI\compiler\latest\windows\redist\ia32_win\compiler;C:\Program Files (x86)\Common Files\Oracle\Java\javapath;C:\Windows\system32;C:\Windows;C:\Windows\System32\Wbem;C:\Windows\System32\WindowsPowerShell\v1.0\;C:\Windows\System32\OpenSSH\;C:\Program Files (x86)\NVIDIA Corporation\PhysX\Common;C:\Program Files\NVIDIA Corporation\NVIDIA NvDLISR;C:\Program Files\dotnet\;C:\Program Files\Git\cmd;C:\Strawberry\c\bin;C:\Strawberry\perl\site\bin;C:\Strawberry\perl\bin;C:\WINDOWS\system32;C:\WINDOWS;C:\WINDOWS\System32\Wbem;C:\WINDOWS\System32\WindowsPowerShell\v1.0\;C:\WINDOWS\System32\OpenSSH\;C:\Program Files\nodejs\;C:\Program Files\Docker\Docker\resources\bin;C:\Users\Joao Pedro\AppData\Local\Programs\Python\Python310\Scripts\;C:\Users\Joao Pedro\AppData\Local\Programs\Python\Python310\;C:\Users\Joao Pedro\AppData\Local\Microsoft\WindowsApps;C:\Users\Joao Pedro\AppData\Local\Programs\Microsoft VS Code\bin;C:\Users\Joao Pedro\AppData\Local\GitHubDesktop\bin;C:\Strawberry\perl\bin\perl.exe;C:\Users\Joao Pedro\AppData\Roaming\npm
988 [15704] INFO perfrun.mrte <> - COR_ENABLE_PROFILING=1
988 [15704] INFO perfrun.mrte <> - COR_PROFILER={10337B79-F6CD-4df9-8D18-26A67272096B}
988 [15704] INFO perfrun.mrte <> - COMPLUS_ProfAPI_ProfilerCompatibilitySetting=EnableV2Profiler
988 [15704] INFO perfrun.mrte <> - CORECLR_ENABLE_PROFILING=1
988 [15704] INFO perfrun.mrte <> - CORECLR_PROFILER={10337B79-F6CD-4df9-8D18-26A67272096B}
988 [15704] INFO perfrun.mrte <> - CORECLR_PROFILER_PATH=C:\Program Files (x86)\Intel\oneAPI\advisor\latest\bin64/advixe_samplingmrte_clrprof_1.0.dll
988 [15704] INFO perfrun.mrte <> - INTEL_MRTE_PROFILER_MODE=mixed
988 [15704] INFO perfrun.mrte <> - Data directory: C:\Users\Joao Pedro\Desktop\Agenda-Guia\UFRJ\2023.1\Comp_Alto_Desempenho\Comp-Alto-Desempenho\Trabalho_3\Jacobi Roofline\e000\hs011\data.0
988 [15704] INFO perfrun.mrte <> - Mrte plugin is initialized
988 [15704] INFO perfrun.launcher <> - plugin [] was disabled because it doesn't support the given collection type.
988 [15704] INFO perfrun.launcher <> - plugin [] was disabled because it doesn't support the given collection type.
988 [15704] INFO perfrun.launcher <> - plugin [] was disabled because it doesn't support the given collection type.
988 [15704] INFO perfrun.launcher <> - plugin [] was disabled because it doesn't support the given collection type.
988 [15704] INFO perfrun.launcher <> - plugin [] was disabled because it doesn't support the given collection type.
988 [15704] INFO perfrun.launcher <> - plugin [] was disabled because it doesn't support the given collection type.
988 [15704] INFO perfrun.launcher <> - plugin [] was disabled because it doesn't support the given collection type.
988 [15704] INFO perfrun.tpss <> - initialize tpss controller
988 [15704] INFO perfrun.tpss <> - configure collection mode: value = cpu:stack
988 [15704] INFO perfrun.tpss <> - default obj-size-min=1024
988 [15704] INFO perfrun.tpss <> - default hash-table-size=0
988 [15704] INFO perfrun.launcher <> - plugin [] was disabled because it doesn't support the given collection type.
988 [15704] INFO perfrun.launcher <> - plugin [] was disabled because it doesn't support the given collection type.
988 [15704] INFO perfrun.launcher <> - plugin [] was disabled because it doesn't support the given collection type.
988 [15704] INFO perfrun.launcher <> - plugin [] was disabled because it doesn't support the given collection type.
988 [15704] INFO perfrun.launcher <> - plugin [] was disabled because it doesn't support the given collection type.
988 [15704] INFO perfrun.launcher <> - plugin [] was disabled because it doesn't support the given collection type.
988 [15704] INFO perfrun.launcher <> - plugin [] was disabled because it doesn't support the given collection type.
988 [15704] INFO perfrun.launcher <> - plugin [] was disabled because it doesn't support the given collection type.
988 [15704] INFO perfrun.launcher <> - plugin [] was disabled because it doesn't support the given collection type.
989 [20436] INFO perfrun.launcher <> - set environment variable: PATH = C:\Program Files (x86)\Intel\oneAPI\advisor\latest\bin32\runtime;C:\Program Files (x86)\Intel\oneAPI\advisor\latest\bin64\runtime;C:\Program Files (x86)\Intel\oneAPI\tbb\latest\redist\intel64\vc_mt\;C:\Program Files (x86)\Intel\oneAPI\tbb\latest\redist\ia32\vc_mt\;C:\Program Files (x86)\Intel\oneAPI\compiler\latest\windows\redist\intel64_win\compiler;C:\Program Files (x86)\Intel\oneAPI\compiler\latest\windows\redist\ia32_win\compiler;C:\Program Files (x86)\Common Files\Oracle\Java\javapath;C:\Windows\system32;C:\Windows;C:\Windows\System32\Wbem;C:\Windows\System32\WindowsPowerShell\v1.0\;C:\Windows\System32\OpenSSH\;C:\Program Files (x86)\NVIDIA Corporation\PhysX\Common;C:\Program Files\NVIDIA Corporation\NVIDIA NvDLISR;C:\Program Files\dotnet\;C:\Program Files\Git\cmd;C:\Strawberry\c\bin;C:\Strawberry\perl\site\bin;C:\Strawberry\perl\bin;C:\WINDOWS\system32;C:\WINDOWS;C:\WINDOWS\System32\Wbem;C:\WINDOWS\System32\WindowsPowerShell\v1.0\;C:\WINDOWS\System32\OpenSSH\;C:\Program Files\nodejs\;C:\Program Files\Docker\Docker\resources\bin;C:\Users\Joao Pedro\AppData\Local\Programs\Python\Python310\Scripts\;C:\Users\Joao Pedro\AppData\Local\Programs\Python\Python310\;C:\Users\Joao Pedro\AppData\Local\Microsoft\WindowsApps;C:\Users\Joao Pedro\AppData\Local\Programs\Microsoft VS Code\bin;C:\Users\Joao Pedro\AppData\Local\GitHubDesktop\bin;C:\Strawberry\perl\bin\perl.exe;C:\Users\Joao Pedro\AppData\Roaming\npm
989 [20436] INFO perfrun.launcher <> - set environment variable: INTEL_LIBITTNOTIFY32 = C:\Program Files (x86)\Intel\oneAPI\advisor\latest\bin32\runtime\ittnotify_collector.dll
989 [20436] INFO perfrun.launcher <> - set environment variable: INTEL_LIBITTNOTIFY64 = C:\Program Files (x86)\Intel\oneAPI\advisor\latest\bin64\runtime\ittnotify_collector.dll
989 [20436] INFO perfrun.launcher <> - set environment variable: INTEL_ITTNOTIFY_GROUPS = 
989 [20436] INFO perfrun.launcher <> - set environment variable: INTEL_JIT_PROFILER32 = C:\Program Files (x86)\Intel\oneAPI\advisor\latest\bin32\runtime\ittnotify_collector.dll
989 [20436] INFO perfrun.launcher <> - set environment variable: INTEL_JIT_PROFILER64 = C:\Program Files (x86)\Intel\oneAPI\advisor\latest\bin64\runtime\ittnotify_collector.dll
989 [20436] INFO perfrun.launcher <> - set environment variable: OMP_TOOL_LIBRARIES = C:\Program Files (x86)\Intel\oneAPI\advisor\latest\bin32\runtime\ittnotify_collector.dll;C:\Program Files (x86)\Intel\oneAPI\advisor\latest\bin64\runtime\ittnotify_collector.dll
989 [20436] INFO perfrun.launcher <> - set environment variable: ENABLE_JITPROFILING = 1
989 [20436] INFO perfrun.launcher <> - set environment variable: CL_CONFIG_USE_VTUNE = True
989 [20436] INFO perfrun.launcher <> - set environment variable: KMP_FORKJOIN_FRAMES = 0
989 [20436] INFO perfrun.launcher <> - set environment variable: KMP_FORKJOIN_FRAMES_MODE = 0
989 [20436] INFO perfrun.launcher <> - set environment variable: OMP_TOOL = disabled
989 [20436] INFO perfrun.launcher <> - set environment variable: INTEL_MRTE_DATA_DIR = C:\Users\Joao Pedro\Desktop\Agenda-Guia\UFRJ\2023.1\Comp_Alto_Desempenho\Comp-Alto-Desempenho\Trabalho_3\Jacobi Roofline\e000\hs011\data.0
989 [20436] INFO perfrun.launcher <> - set environment variable: INTEL_MRTE_HOST_NAME = Laptop-Zephyrus-G15
989 [20436] INFO perfrun.launcher <> - set environment variable: JAVA_TOOL_OPTIONS = -agentlib:advixe_tpssmrte_javaprof_1.0
990 [20436] INFO perfrun.launcher <> - set environment variable: PATH = C:\Program Files (x86)\Intel\oneAPI\advisor\latest\bin32\runtime;C:\Program Files (x86)\Intel\oneAPI\advisor\latest\bin64\runtime;C:\Program Files (x86)\Intel\oneAPI\tbb\latest\redist\intel64\vc_mt\;C:\Program Files (x86)\Intel\oneAPI\tbb\latest\redist\ia32\vc_mt\;C:\Program Files (x86)\Intel\oneAPI\compiler\latest\windows\redist\intel64_win\compiler;C:\Program Files (x86)\Intel\oneAPI\compiler\latest\windows\redist\ia32_win\compiler;C:\Program Files (x86)\Common Files\Oracle\Java\javapath;C:\Windows\system32;C:\Windows;C:\Windows\System32\Wbem;C:\Windows\System32\WindowsPowerShell\v1.0\;C:\Windows\System32\OpenSSH\;C:\Program Files (x86)\NVIDIA Corporation\PhysX\Common;C:\Program Files\NVIDIA Corporation\NVIDIA NvDLISR;C:\Program Files\dotnet\;C:\Program Files\Git\cmd;C:\Strawberry\c\bin;C:\Strawberry\perl\site\bin;C:\Strawberry\perl\bin;C:\WINDOWS\system32;C:\WINDOWS;C:\WINDOWS\System32\Wbem;C:\WINDOWS\System32\WindowsPowerShell\v1.0\;C:\WINDOWS\System32\OpenSSH\;C:\Program Files\nodejs\;C:\Program Files\Docker\Docker\resources\bin;C:\Users\Joao Pedro\AppData\Local\Programs\Python\Python310\Scripts\;C:\Users\Joao Pedro\AppData\Local\Programs\Python\Python310\;C:\Users\Joao Pedro\AppData\Local\Microsoft\WindowsApps;C:\Users\Joao Pedro\AppData\Local\Programs\Microsoft VS Code\bin;C:\Users\Joao Pedro\AppData\Local\GitHubDesktop\bin;C:\Strawberry\perl\bin\perl.exe;C:\Users\Joao Pedro\AppData\Roaming\npm
990 [20436] INFO perfrun.launcher <> - set environment variable: COR_ENABLE_PROFILING = 1
990 [20436] INFO perfrun.launcher <> - set environment variable: COR_PROFILER = {10337B79-F6CD-4df9-8D18-26A67272096B}
990 [20436] INFO perfrun.launcher <> - set environment variable: COMPLUS_ProfAPI_ProfilerCompatibilitySetting = EnableV2Profiler
990 [20436] INFO perfrun.launcher <> - set environment variable: CORECLR_ENABLE_PROFILING = 1
990 [20436] INFO perfrun.launcher <> - set environment variable: CORECLR_PROFILER = {10337B79-F6CD-4df9-8D18-26A67272096B}
990 [20436] INFO perfrun.launcher <> - set environment variable: CORECLR_PROFILER_PATH = C:\Program Files (x86)\Intel\oneAPI\advisor\latest\bin64/advixe_samplingmrte_clrprof_1.0.dll
990 [20436] INFO perfrun.launcher <> - set environment variable: INTEL_MRTE_PROFILER_MODE = mixed
990 [20436] INFO perfrun.launcher <> - RpcServer: run RPC server to handle requests
995 [20436] INFO perfrun.sdk <> - IProcessUtil: the given executable 'C:\Users\jacobi.exe' is valid.
995 [20436] INFO perfrun.launcher <> - Launcher: command line to start before modification = C:\Users\jacobi.exe
997 [20436] INFO perfrun.launcher <> - Launcher: command line to start after modification = C:\Program Files (x86)\Intel\oneAPI\advisor\2023.1.0\bin64\pin.exe -error_file C:\Users\Joao Pedro\Desktop\Agenda-Guia\UFRJ\2023.1\Comp_Alto_Desempenho\Comp-Alto-Desempenho\Trabalho_3\Jacobi Roofline\e000\hs011\data.0\pinerr.tpsslog -detach_reattach -probe -follow_execv -p32 C:\Program Files (x86)\Intel\oneAPI\advisor\latest\bin32\pin.exe -p64 C:\Program Files (x86)\Intel\oneAPI\advisor\latest\bin64\pin.exe -t64 C:\Program Files (x86)\Intel\oneAPI\advisor\latest\bin64\tpsstool.dll -t C:\Program Files (x86)\Intel\oneAPI\advisor\latest\bin32\tpsstool.dll -server_name tpss_ipc.22416 -prd_dir C:\Program Files (x86)\Intel\oneAPI\advisor\2023.1.0 -- C:\Users\jacobi.exe
997 [20436] INFO perfrun.launcher <> - ProcessCreator object was created
1001 [20436] INFO perfrun.launcher <> - Launcher: the process was started in suspend mode
1014 [15704] INFO perfrun.itt <> - start itt controller for pid #16656
1015 [15704] INFO perfrun.tpss <> - start tpss controller for pid #16656
1074 [20436] INFO perfrun.launcher <> - Launcher: all plugins were started
1074 [20436] INFO perfrun.launcher <> - DirectoryMonitor object was created
1074 [20436] INFO perfrun.launcher <> - DirectoryMonitor: a callback was added
1074 [20436] INFO perfrun.launcher <> - DirectoryMonitor was started with pingTime = 1000
1074 [20436] INFO perfrun.launcher <> - DeadlineTimer is going to be constructed
1074 [20436] INFO perfrun.launcher <> - DeadlineTimer: a callback was added
1082 [20436] INFO perfrun.launcher <> - Launcher: resume the profiled application and  wait its termination or stop command
3030 [20436] INFO perfrun.launcher <> - Launcher: the profiled application was terminated  with exit code = 0
3038 [15704] INFO perfrun.itt <> - detach itt controller
3038 [15704] INFO perfrun.itt <> - detach itt controller done
3038 [15704] INFO perfrun.tpss <> - stop tpss controller
3039 [15704] INFO perfrun.sdk <> - De-allocating TMU: C:\Users\Joao Pedro\Desktop\Agenda-Guia\UFRJ\2023.1\Comp_Alto_Desempenho\Comp-Alto-Desempenho\Trabalho_3\Jacobi Roofline\e000\hs011\data.0\systemcollector-22416-Laptop-Zephyrus-G15.sc
3063 [15704] INFO perfrun.system <> - closed the system trace file: C:\Users\Joao Pedro\Desktop\Agenda-Guia\UFRJ\2023.1\Comp_Alto_Desempenho\Comp-Alto-Desempenho\Trabalho_3\Jacobi Roofline\e000\hs011\data.0\systemcollector-22416-Laptop-Zephyrus-G15.sc
3063 [20436] INFO perfrun.launcher <> - Launcher: all plugins were stopped.
3063 [20436] INFO perfrun.launcher <> - DeadlineTimer is going to be destroyed
3063 [20436] INFO perfrun.launcher <> - DeadlineTimer was destroyed
3063 [20436] INFO perfrun.launcher <> - DirectoryMonitor object was destroyed
3063 [20436] WARN perfrun.launcher <> - Stop command is ignored because it is received when collection is already stopped, at file: vcs\perfrun1\launcher\src\command_handler.cpp:226
3064 [20436] INFO perfrun.launcher <> - Application exit code: 0
3064 [20436] INFO perfrun.launcher <> - Exit code: 0
