46 [18720] INFO perfrun.launcher <> - Launcher main begin
50 [18720] INFO perfrun.launcher <> - MessageCatalogInit finished
50 [18720] INFO perfrun.launcher <> - Launcher instance created
50 [18720] INFO perfrun.launcher <> - argc = 6; cmdline = C:\Program Files (x86)\Intel\oneAPI\advisor\latest\bin64\advixe-runss.exe --ui-output-format xml --ui-output-fd 6704 --context-value-list 
67 [18720] INFO perfrun.launcher <> - New signal handler callback was added
1156 [18720] INFO perfrun.launcher <> - create msngr2::ICliToolContext
1157 [18720] INFO perfrun.launcher <> - create file finder object
1158 [18720] INFO perfrun.launcher <> - Put into the variant bag the context value: name = targetOS; value = Windows
1158 [18720] INFO perfrun.launcher <> - Put into the variant bag the context value: name = OS; value = Windows
1158 [18720] INFO perfrun.launcher <> - Put into the variant bag the context value: name = OSBuildNumber; value = 22621
1158 [18720] INFO perfrun.launcher <> - Put into the variant bag the context value: name = OSBitness; value = 64
1158 [18720] INFO perfrun.launcher <> - Put into the variant bag the context value: name = AdministratorPrivileges; value = false
1158 [18720] INFO perfrun.launcher <> - Put into the variant bag the context value: name = isPtraceScopeLimited; value = false
1158 [18720] INFO perfrun.launcher <> - Put into the variant bag the context value: name = isCATSupportedByCPU; value = true
1159 [18720] INFO perfrun.launcher <> - Put into the variant bag the context value: name = isL3CATAvailable; value = false
1159 [18720] INFO perfrun.launcher <> - Put into the variant bag the context value: name = isL2CATAvailable; value = false
1159 [18720] INFO perfrun.launcher <> - Put into the variant bag the context value: name = isL3MonitoringSupportedByCPU; value = false
1159 [18720] INFO perfrun.launcher <> - Put into the variant bag the context value: name = isTSXAvailable; value = false
1159 [18720] INFO perfrun.launcher <> - Put into the variant bag the context value: name = isPTAvailable; value = false
1159 [18720] INFO perfrun.launcher <> - Put into the variant bag the context value: name = isHTEnabled; value = true
1159 [18720] INFO perfrun.launcher <> - Put into the variant bag the context value: name = fpgaOnBoard; value = None
1159 [18720] INFO perfrun.launcher <> - Put into the variant bag the context value: name = omniPathOnBoard; value = None
1159 [18720] INFO perfrun.launcher <> - Put into the variant bag the context value: name = genArchOnBoard; value = 0
1159 [18720] INFO perfrun.launcher <> - Put into the variant bag the context value: name = pciClassParts; value = 
1159 [18720] INFO perfrun.launcher <> - Put into the variant bag the context value: name = tidValuesForIO; value = 
1159 [18720] INFO perfrun.launcher <> - Put into the variant bag the context value: name = populatedIoParts; value = 
1159 [18720] INFO perfrun.launcher <> - Put into the variant bag the context value: name = populatedIoUnits; value = 
1159 [18720] INFO perfrun.launcher <> - Put into the variant bag the context value: name = populatedTidValuesForIO; value = 
1160 [18720] INFO perfrun.launcher <> - Put into the variant bag the context value: name = isSGXAvailable; value = false
1160 [18720] INFO perfrun.launcher <> - Put into the variant bag the context value: name = Hypervisor; value = Microsoft Hv
1160 [18720] INFO perfrun.launcher <> - Put into the variant bag the context value: name = PerfmonVersion; value = 0
1160 [18720] INFO perfrun.launcher <> - Put into the variant bag the context value: name = isMaxDRAMBandwidthMeasurementSupported; value = false
1160 [18720] INFO perfrun.launcher <> - Put into the variant bag the context value: name = preferedGpuAdapter; value = 0:1:0.0
1160 [18720] INFO perfrun.launcher <> - Put into the variant bag the context value: name = isEHFIAvailable; value = false
1160 [18720] INFO perfrun.launcher <> - Put into the variant bag the context value: name = areGpuHardwareMetricsAvailableList; value = 
1160 [18720] INFO perfrun.launcher <> - Put into the variant bag the context value: name = gpuPlatformIndexList; value = 
1160 [18720] INFO perfrun.launcher <> - Put into the variant bag the context value: name = isTPSSAvailable; value = true
1160 [18720] INFO perfrun.launcher <> - Put into the variant bag the context value: name = isPytraceAvailable; value = true
1160 [18720] INFO perfrun.launcher <> - Put into the variant bag the context value: name = isGENDebugInfoAvailableList; value = 
1161 [18720] INFO perfrun.launcher <> - Put into the variant bag the context value: name = isGTPinCollectionAvailableList; value = 
1161 [18720] INFO perfrun.launcher <> - Put into the variant bag the context value: name = forceShowInlines; value = false
1161 [18720] INFO perfrun.launcher <> - Application exit code: 0
1161 [18720] INFO perfrun.launcher <> - Exit code: 0
